  Stage.cpp
C:\Users\user\Desktop\DailyCode\GamePortfolio\ADH_portfolio3\ADH_portfolio\game\Stage.cpp(139,12): warning C4477: 'printf' : 서식 문자열 '%s'에 'char *' 형식의 인수가 필요하지만 variadic 인수 1의 형식이 'WCHAR *'입니다.
C:\Users\user\Desktop\DailyCode\GamePortfolio\ADH_portfolio3\ADH_portfolio\game\Stage.cpp(139,12): message : 서식 문자열에서 '%ls'을(를) 사용하는 것이 좋습니다.
C:\Users\user\Desktop\DailyCode\GamePortfolio\ADH_portfolio3\ADH_portfolio\game\Stage.cpp(139,12): message : 서식 문자열에서 '%lls'을(를) 사용하는 것이 좋습니다.
C:\Users\user\Desktop\DailyCode\GamePortfolio\ADH_portfolio3\ADH_portfolio\game\Stage.cpp(139,12): message : 서식 문자열에서 '%Ls'을(를) 사용하는 것이 좋습니다.
C:\Users\user\Desktop\DailyCode\GamePortfolio\ADH_portfolio3\ADH_portfolio\game\Stage.cpp(139,12): message : 서식 문자열에서 '%ws'을(를) 사용하는 것이 좋습니다.
C:\Users\user\Desktop\DailyCode\GamePortfolio\ADH_portfolio3\ADH_portfolio\game\Stage.cpp(163,11): warning C4244: '초기화 중': 'float'에서 'int'(으)로 변환하면서 데이터가 손실될 수 있습니다.
C:\Users\user\Desktop\DailyCode\GamePortfolio\ADH_portfolio3\ADH_portfolio\game\Stage.cpp(164,11): warning C4244: '초기화 중': 'float'에서 'int'(으)로 변환하면서 데이터가 손실될 수 있습니다.
C:\Users\user\Desktop\DailyCode\GamePortfolio\ADH_portfolio3\ADH_portfolio\game\Stage.cpp(165,29): warning C4244: '인수': 'int'에서 'float'(으)로 변환하면서 데이터가 손실될 수 있습니다.
C:\Users\user\Desktop\DailyCode\GamePortfolio\ADH_portfolio3\ADH_portfolio\game\Stage.cpp(165,26): warning C4244: '인수': 'int'에서 'float'(으)로 변환하면서 데이터가 손실될 수 있습니다.
C:\Users\user\Desktop\DailyCode\GamePortfolio\ADH_portfolio3\ADH_portfolio\game\Stage.cpp(171,44): warning C4244: '인수': 'int'에서 'float'(으)로 변환하면서 데이터가 손실될 수 있습니다.
C:\Users\user\Desktop\DailyCode\GamePortfolio\ADH_portfolio3\ADH_portfolio\game\Stage.cpp(171,28): warning C4244: '인수': 'int'에서 'float'(으)로 변환하면서 데이터가 손실될 수 있습니다.
C:\Users\user\Desktop\DailyCode\GamePortfolio\ADH_portfolio3\ADH_portfolio\game\Stage.cpp(192,55): warning C4244: '인수': 'int'에서 'float'(으)로 변환하면서 데이터가 손실될 수 있습니다.
C:\Users\user\Desktop\DailyCode\GamePortfolio\ADH_portfolio3\ADH_portfolio\game\Stage.cpp(192,32): warning C4244: '인수': 'int'에서 'float'(으)로 변환하면서 데이터가 손실될 수 있습니다.
C:\Users\user\Desktop\DailyCode\GamePortfolio\ADH_portfolio3\ADH_portfolio\game\Stage.cpp(206,55): warning C4244: '인수': 'int'에서 'float'(으)로 변환하면서 데이터가 손실될 수 있습니다.
C:\Users\user\Desktop\DailyCode\GamePortfolio\ADH_portfolio3\ADH_portfolio\game\Stage.cpp(206,32): warning C4244: '인수': 'int'에서 'float'(으)로 변환하면서 데이터가 손실될 수 있습니다.
C:\Users\user\Desktop\DailyCode\GamePortfolio\ADH_portfolio3\ADH_portfolio\game\Stage.cpp(220,55): warning C4244: '인수': 'int'에서 'float'(으)로 변환하면서 데이터가 손실될 수 있습니다.
C:\Users\user\Desktop\DailyCode\GamePortfolio\ADH_portfolio3\ADH_portfolio\game\Stage.cpp(220,32): warning C4244: '인수': 'int'에서 'float'(으)로 변환하면서 데이터가 손실될 수 있습니다.
C:\Users\user\Desktop\DailyCode\GamePortfolio\ADH_portfolio3\ADH_portfolio\game\Stage.cpp(234,55): warning C4244: '인수': 'int'에서 'float'(으)로 변환하면서 데이터가 손실될 수 있습니다.
C:\Users\user\Desktop\DailyCode\GamePortfolio\ADH_portfolio3\ADH_portfolio\game\Stage.cpp(234,32): warning C4244: '인수': 'int'에서 'float'(으)로 변환하면서 데이터가 손실될 수 있습니다.
C:\Users\user\Desktop\DailyCode\GamePortfolio\ADH_portfolio3\ADH_portfolio\game\Stage.cpp(240,56): warning C4244: '인수': 'int'에서 'float'(으)로 변환하면서 데이터가 손실될 수 있습니다.
C:\Users\user\Desktop\DailyCode\GamePortfolio\ADH_portfolio3\ADH_portfolio\game\Stage.cpp(240,32): warning C4244: '인수': 'int'에서 'float'(으)로 변환하면서 데이터가 손실될 수 있습니다.
C:\Users\user\Desktop\DailyCode\GamePortfolio\ADH_portfolio3\ADH_portfolio\game\Stage.cpp(281,12): warning C4101: 'j' :참조되지 않은 지역 변수입니다.
C:\Users\user\Desktop\DailyCode\GamePortfolio\ADH_portfolio3\ADH_portfolio\game\Stage.cpp(281,9): warning C4101: 'i' :참조되지 않은 지역 변수입니다.
C:\Users\user\Desktop\DailyCode\GamePortfolio\ADH_portfolio3\ADH_portfolio\game\Stage.cpp(312,12): warning C4244: '초기화 중': 'float'에서 'int'(으)로 변환하면서 데이터가 손실될 수 있습니다.
C:\Users\user\Desktop\DailyCode\GamePortfolio\ADH_portfolio3\ADH_portfolio\game\Stage.cpp(313,12): warning C4244: '초기화 중': 'float'에서 'int'(으)로 변환하면서 데이터가 손실될 수 있습니다.
C:\Users\user\Desktop\DailyCode\GamePortfolio\ADH_portfolio3\ADH_portfolio\game\Stage.cpp(314,12): warning C4244: '초기화 중': 'float'에서 'int'(으)로 변환하면서 데이터가 손실될 수 있습니다.
C:\Users\user\Desktop\DailyCode\GamePortfolio\ADH_portfolio3\ADH_portfolio\game\Stage.cpp(315,12): warning C4244: '초기화 중': 'float'에서 'int'(으)로 변환하면서 데이터가 손실될 수 있습니다.
C:\Users\user\Desktop\DailyCode\GamePortfolio\ADH_portfolio3\ADH_portfolio\game\Stage.cpp(480,64): warning C4244: '인수': 'UINT'에서 'float'(으)로 변환하면서 데이터가 손실될 수 있습니다.
C:\Users\user\Desktop\DailyCode\GamePortfolio\ADH_portfolio3\ADH_portfolio\game\Stage.cpp(480,43): warning C4244: '인수': 'UINT'에서 'float'(으)로 변환하면서 데이터가 손실될 수 있습니다.
C:\Users\user\Desktop\DailyCode\GamePortfolio\ADH_portfolio3\ADH_portfolio\game\Stage.cpp(491,64): warning C4244: '인수': 'UINT'에서 'float'(으)로 변환하면서 데이터가 손실될 수 있습니다.
C:\Users\user\Desktop\DailyCode\GamePortfolio\ADH_portfolio3\ADH_portfolio\game\Stage.cpp(491,43): warning C4244: '인수': 'UINT'에서 'float'(으)로 변환하면서 데이터가 손실될 수 있습니다.
C:\Users\user\Desktop\DailyCode\GamePortfolio\ADH_portfolio3\ADH_portfolio\game\Stage.cpp(498,40): warning C4244: '인수': 'int'에서 'float'(으)로 변환하면서 데이터가 손실될 수 있습니다.
C:\Users\user\Desktop\DailyCode\GamePortfolio\ADH_portfolio3\ADH_portfolio\game\Stage.cpp(715,62): warning C4244: '인수': 'int'에서 'float'(으)로 변환하면서 데이터가 손실될 수 있습니다.
C:\Users\user\Desktop\DailyCode\GamePortfolio\ADH_portfolio3\ADH_portfolio\game\Stage.cpp(929,40): warning C4244: '인수': 'int'에서 'float'(으)로 변환하면서 데이터가 손실될 수 있습니다.
C:\Users\user\Desktop\DailyCode\GamePortfolio\ADH_portfolio3\ADH_portfolio\game\Stage.cpp(972,73): warning C4244: '인수': 'int'에서 'float'(으)로 변환하면서 데이터가 손실될 수 있습니다.
C:\Users\user\Desktop\DailyCode\GamePortfolio\ADH_portfolio3\ADH_portfolio\game\Stage.cpp(1243,27): warning C4819: 현재 코드 페이지(0)에서 표시할 수 없는 문자가 파일에 들어 있습니다. 데이터가 손실되지 않게 하려면 해당 파일을 유니코드 형식으로 저장하십시오.
C:\Users\user\Desktop\DailyCode\GamePortfolio\ADH_portfolio3\ADH_portfolio\game\Stage.cpp(1249,33): warning C4819: 현재 코드 페이지(0)에서 표시할 수 없는 문자가 파일에 들어 있습니다. 데이터가 손실되지 않게 하려면 해당 파일을 유니코드 형식으로 저장하십시오.
C:\Users\user\Desktop\DailyCode\GamePortfolio\ADH_portfolio3\ADH_portfolio\game\Stage.cpp(1398,39): warning C4244: '인수': 'int'에서 'float'(으)로 변환하면서 데이터가 손실될 수 있습니다.
C:\Users\user\Desktop\DailyCode\GamePortfolio\ADH_portfolio3\ADH_portfolio\game\Stage.cpp(1403,39): warning C4244: '인수': 'int'에서 'float'(으)로 변환하면서 데이터가 손실될 수 있습니다.
C:\Users\user\Desktop\DailyCode\GamePortfolio\ADH_portfolio3\ADH_portfolio\game\Stage.cpp(1408,39): warning C4244: '인수': 'int'에서 'float'(으)로 변환하면서 데이터가 손실될 수 있습니다.
C:\Users\user\Desktop\DailyCode\GamePortfolio\ADH_portfolio3\ADH_portfolio\game\Stage.cpp(1695,67): warning C4244: '인수': 'int'에서 'float'(으)로 변환하면서 데이터가 손실될 수 있습니다.
C:\Users\user\Desktop\DailyCode\GamePortfolio\ADH_portfolio3\ADH_portfolio\game\Stage.cpp(1695,54): warning C4244: '인수': 'int'에서 'float'(으)로 변환하면서 데이터가 손실될 수 있습니다.
C:\Users\user\Desktop\DailyCode\GamePortfolio\ADH_portfolio3\ADH_portfolio\game\Stage.cpp(1753,53): warning C4244: '인수': 'int'에서 'float'(으)로 변환하면서 데이터가 손실될 수 있습니다.
C:\Users\user\Desktop\DailyCode\GamePortfolio\ADH_portfolio3\ADH_portfolio\game\Stage.cpp(1754,53): warning C4244: '인수': 'int'에서 'float'(으)로 변환하면서 데이터가 손실될 수 있습니다.
C:\Users\user\Desktop\DailyCode\GamePortfolio\ADH_portfolio3\ADH_portfolio\game\Stage.cpp(1755,52): warning C4244: '인수': 'int'에서 'float'(으)로 변환하면서 데이터가 손실될 수 있습니다.
  ADH_portfolio.vcxproj -> C:\Users\user\Desktop\DailyCode\GamePortfolio\ADH_portfolio3\Debug\ADH_portfolio.exe
