c:\users\user\desktop\dailycode\gameportfolio\dha33\adh_portfolio\adh_portfolio\debug\vc142.pdb
c:\users\user\desktop\dailycode\gameportfolio\dha33\adh_portfolio\adh_portfolio\debug\vc142.idb
c:\users\user\desktop\dailycode\gameportfolio\adh_portfolio\adh_portfolio\debug\vc142.pdb
c:\users\user\desktop\dailycode\gameportfolio\adh_portfolio\adh_portfolio\debug\vc142.idb
c:\users\user\desktop\dailycode\gameportfolio\adh_portfolio6\adh_portfolio\debug\vc142.pdb
c:\users\user\desktop\dailycode\gameportfolio\adh_portfolio6\adh_portfolio\debug\vc142.idb
c:\users\user\desktop\dailycode\gameportfolio\adh_portfolio6\adh_portfolio\debug\iimage.obj
c:\users\user\desktop\dailycode\gameportfolio\adh_portfolio6\adh_portfolio\debug\igraphics.obj
c:\users\user\desktop\dailycode\gameportfolio\adh_portfolio6\adh_portfolio\debug\ifps.obj
c:\users\user\desktop\dailycode\gameportfolio\adh_portfolio6\adh_portfolio\debug\icolor.obj
c:\users\user\desktop\dailycode\gameportfolio\adh_portfolio6\adh_portfolio\debug\ibutton.obj
c:\users\user\desktop\dailycode\gameportfolio\adh_portfolio6\adh_portfolio\debug\iarray.obj
c:\users\user\desktop\dailycode\gameportfolio\adh_portfolio6\adh_portfolio\debug\stage.obj
c:\users\user\desktop\dailycode\gameportfolio\adh_portfolio6\adh_portfolio\debug\menu.obj
c:\users\user\desktop\dailycode\gameportfolio\adh_portfolio6\adh_portfolio\debug\mapeditor.obj
c:\users\user\desktop\dailycode\gameportfolio\adh_portfolio6\adh_portfolio\debug\map.obj
c:\users\user\desktop\dailycode\gameportfolio\adh_portfolio6\adh_portfolio\debug\loading.obj
c:\users\user\desktop\dailycode\gameportfolio\adh_portfolio6\adh_portfolio\debug\iwindow.obj
c:\users\user\desktop\dailycode\gameportfolio\adh_portfolio6\adh_portfolio\debug\intro.obj
c:\users\user\desktop\dailycode\gameportfolio\adh_portfolio6\adh_portfolio\debug\ifbo.obj
c:\users\user\desktop\dailycode\gameportfolio\adh_portfolio6\adh_portfolio\debug\game.obj
c:\users\user\desktop\dailycode\gameportfolio\adh_portfolio6\adh_portfolio\debug\ending.obj
c:\users\user\desktop\dailycode\gameportfolio\adh_portfolio6\adh_portfolio\debug\common.obj
c:\users\user\desktop\dailycode\gameportfolio\adh_portfolio6\adh_portfolio\debug\character.obj
c:\users\user\desktop\dailycode\gameportfolio\adh_portfolio6\adh_portfolio\debug\battle.obj
c:\users\user\desktop\dailycode\gameportfolio\adh_portfolio6\adh_portfolio\debug\app.obj
c:\users\user\desktop\dailycode\gameportfolio\adh_portfolio6\adh_portfolio\debug\inumber.obj
c:\users\user\desktop\dailycode\gameportfolio\adh_portfolio6\adh_portfolio\debug\istrtex.obj
c:\users\user\desktop\dailycode\gameportfolio\adh_portfolio6\adh_portfolio\debug\istring.obj
c:\users\user\desktop\dailycode\gameportfolio\adh_portfolio6\adh_portfolio\debug\istd.obj
c:\users\user\desktop\dailycode\gameportfolio\adh_portfolio6\adh_portfolio\debug\isort.obj
c:\users\user\desktop\dailycode\gameportfolio\adh_portfolio6\adh_portfolio\debug\isize.obj
c:\users\user\desktop\dailycode\gameportfolio\adh_portfolio6\adh_portfolio\debug\irect.obj
c:\users\user\desktop\dailycode\gameportfolio\adh_portfolio6\adh_portfolio\debug\ipopup.obj
c:\users\user\desktop\dailycode\gameportfolio\adh_portfolio6\adh_portfolio\debug\ipoint.obj
c:\users\user\desktop\dailycode\gameportfolio\adh_portfolio6\adh_portfolio\debug\iopengl.obj
c:\users\user\desktop\dailycode\gameportfolio\adh_portfolio6\adh_portfolio\debug\iopenal.obj
c:\users\user\desktop\dailycode\gameportfolio\adh_portfolio6\adh_portfolio\debug\glew.obj
c:\users\user\desktop\dailycode\gameportfolio\adh_portfolio6\debug\adh_portfolio.exe
c:\users\user\desktop\dailycode\gameportfolio\adh_portfolio6\debug\adh_portfolio.ilk
c:\users\user\desktop\dailycode\gameportfolio\adh_portfolio6\debug\adh_portfolio.pdb
c:\users\user\desktop\dailycode\gameportfolio\adh_portfolio6\adh_portfolio\debug\adh_portfolio.res
c:\users\user\desktop\dailycode\gameportfolio\adh_portfolio6\adh_portfolio\debug\adh_portfolio.obj
c:\users\user\desktop\dailycode\gameportfolio\adh_portfolio6\adh_portfolio\debug\pophow.obj
c:\users\user\desktop\dailycode\gameportfolio\adh_portfolio6\adh_portfolio\debug\battle.obj.enc
c:\users\user\desktop\dailycode\gameportfolio\adh_portfolio6\adh_portfolio\debug\stage.obj.enc
c:\users\user\desktop\dailycode\gameportfolio\adh_portfolio6\adh_portfolio\debug\adh_portfolio.tlog\cl.command.1.tlog
c:\users\user\desktop\dailycode\gameportfolio\adh_portfolio6\adh_portfolio\debug\adh_portfolio.tlog\cl.read.1.tlog
c:\users\user\desktop\dailycode\gameportfolio\adh_portfolio6\adh_portfolio\debug\adh_portfolio.tlog\cl.write.1.tlog
c:\users\user\desktop\dailycode\gameportfolio\adh_portfolio6\adh_portfolio\debug\adh_portfolio.tlog\link.command.1.tlog
c:\users\user\desktop\dailycode\gameportfolio\adh_portfolio6\adh_portfolio\debug\adh_portfolio.tlog\link.read.1.tlog
c:\users\user\desktop\dailycode\gameportfolio\adh_portfolio6\adh_portfolio\debug\adh_portfolio.tlog\link.write.1.tlog
c:\users\user\desktop\dailycode\gameportfolio\adh_portfolio6\adh_portfolio\debug\adh_portfolio.tlog\rc.command.1.tlog
c:\users\user\desktop\dailycode\gameportfolio\adh_portfolio6\adh_portfolio\debug\adh_portfolio.tlog\rc.read.1.tlog
c:\users\user\desktop\dailycode\gameportfolio\adh_portfolio6\adh_portfolio\debug\adh_portfolio.tlog\rc.write.1.tlog
